<?xml version="1.0" encoding="UTF-8"?>
<!-- Generated by org.testng.reporters.JUnitXMLReporter -->
<testsuite ignored="0" hostname="DESKTOP-J200OE5" failures="0" tests="3" name="Test" time="12.725" errors="0" timestamp="2023-05-27T15:11:15 IST">
  <testcase classname="testClassPackage.Post_TC_1" name="execute" time="8.02"/>
  <testcase classname="testClassPackage.Post_TC_2" name="execute" time="1.756"/>
  <testcase classname="testClassPackage.Post_TC_3" name="execute" time="2.381"/>
</testsuite> <!-- Test -->
