<?xml version="1.0" encoding="UTF-8"?>
<testng-results ignored="0" total="3" passed="3" failed="0" skipped="0">
  <reporter-output>
  </reporter-output>
  <suite started-at="2023-05-27T15:11:02 IST" name="Suite" finished-at="2023-05-27T15:11:15 IST" duration-ms="12725">
    <groups>
    </groups>
    <test started-at="2023-05-27T15:11:02 IST" name="Test" finished-at="2023-05-27T15:11:15 IST" duration-ms="12725">
      <class name="testClassPackage.Post_TC_1">
        <test-method signature="execute()[pri:0, instance:testClassPackage.Post_TC_1@54422e18]" started-at="2023-05-27T15:11:02 IST" name="execute" finished-at="2023-05-27T15:11:10 IST" duration-ms="8020" status="PASS">
          <reporter-output>
          </reporter-output>
        </test-method> <!-- execute -->
      </class> <!-- testClassPackage.Post_TC_1 -->
      <class name="testClassPackage.Post_TC_2">
        <test-method signature="execute()[pri:0, instance:testClassPackage.Post_TC_2@74d1dc36]" started-at="2023-05-27T15:11:11 IST" name="execute" finished-at="2023-05-27T15:11:12 IST" duration-ms="1756" status="PASS">
          <reporter-output>
          </reporter-output>
        </test-method> <!-- execute -->
      </class> <!-- testClassPackage.Post_TC_2 -->
      <class name="testClassPackage.Post_TC_3">
        <test-method signature="execute()[pri:0, instance:testClassPackage.Post_TC_3@7161d8d1]" started-at="2023-05-27T15:11:12 IST" name="execute" finished-at="2023-05-27T15:11:15 IST" duration-ms="2381" status="PASS">
          <reporter-output>
          </reporter-output>
        </test-method> <!-- execute -->
      </class> <!-- testClassPackage.Post_TC_3 -->
    </test> <!-- Test -->
  </suite> <!-- Suite -->
</testng-results>
